2019-04-25 09:42:58.638 DEBUG UsuarioServiceImpl.findByIdEmail:468 - Email = eddie_garcia@gmail.com, idJuego 2
2019-04-25 09:42:58.638 DEBUG UsuarioServiceImpl.findByIdEmail:468 - Email = eddie_garcia@gmail.com, idJuego 2
2019-04-25 09:42:59.365 DEBUG ItemBibliotecaDAOImpl.fingByIdEmail:428 - Email = eddie_garcia@gmail.com Idjuego = {}
2019-04-25 09:42:59.365 DEBUG ItemBibliotecaDAOImpl.fingByIdEmail:428 - Email = eddie_garcia@gmail.com Idjuego = {}
2019-04-25 09:42:59.366 DEBUG ItemBibliotecaDAOImpl.fingByIdEmail:437 - SELECT email,id_juego,puntuacion,comprado,comentario,fecha_comentario FROM usuarios_juego WHERE email LIKE '?' AND id_juego= ?
2019-04-25 09:42:59.366 DEBUG ItemBibliotecaDAOImpl.fingByIdEmail:437 - SELECT email,id_juego,puntuacion,comprado,comentario,fecha_comentario FROM usuarios_juego WHERE email LIKE '?' AND id_juego= ?
2019-04-25 09:42:59.395 INFO  ItemBibliotecaDAOImpl.fingByIdEmail:451 - Parameter index out of range (2 > number of parameters, which is 1).
java.sql.SQLException: Parameter index out of range (2 > number of parameters, which is 1).
	at com.mysql.cj.jdbc.exceptions.SQLError.createSQLException(SQLError.java:129) ~[mysql-connector-java-8.0.13.jar:8.0.13]
	at com.mysql.cj.jdbc.exceptions.SQLError.createSQLException(SQLError.java:97) ~[mysql-connector-java-8.0.13.jar:8.0.13]
	at com.mysql.cj.jdbc.exceptions.SQLError.createSQLException(SQLError.java:89) ~[mysql-connector-java-8.0.13.jar:8.0.13]
	at com.mysql.cj.jdbc.exceptions.SQLError.createSQLException(SQLError.java:63) ~[mysql-connector-java-8.0.13.jar:8.0.13]
	at com.mysql.cj.jdbc.ClientPreparedStatement.checkBounds(ClientPreparedStatement.java:1406) ~[mysql-connector-java-8.0.13.jar:8.0.13]
	at com.mysql.cj.jdbc.ClientPreparedStatement.getCoreParameterIndex(ClientPreparedStatement.java:1419) ~[mysql-connector-java-8.0.13.jar:8.0.13]
	at com.mysql.cj.jdbc.ClientPreparedStatement.setInt(ClientPreparedStatement.java:1607) ~[mysql-connector-java-8.0.13.jar:8.0.13]
	at com.mchange.v2.c3p0.impl.NewProxyPreparedStatement.setInt(NewProxyPreparedStatement.java:171) ~[c3p0-0.9.5.2.jar:0.9.5.2]
	at com.eddie.ecommerce.dao.impl.ItemBibliotecaDAOImpl.fingByIdEmail(ItemBibliotecaDAOImpl.java:442) [bin/:?]
	at com.eddie.ecommerce.service.impl.UsuarioServiceImpl.findByIdEmail(UsuarioServiceImpl.java:477) [bin/:?]
	at com.eddie.ecommerce.service.UsuarioServiceImplTest.testeServiceBiblio(UsuarioServiceImplTest.java:38) [bin/:?]
	at com.eddie.ecommerce.service.UsuarioServiceImplTest.main(UsuarioServiceImplTest.java:149) [bin/:?]
2019-04-25 09:42:59.395 INFO  ItemBibliotecaDAOImpl.fingByIdEmail:451 - Parameter index out of range (2 > number of parameters, which is 1).
java.sql.SQLException: Parameter index out of range (2 > number of parameters, which is 1).
	at com.mysql.cj.jdbc.exceptions.SQLError.createSQLException(SQLError.java:129) ~[mysql-connector-java-8.0.13.jar:8.0.13]
	at com.mysql.cj.jdbc.exceptions.SQLError.createSQLException(SQLError.java:97) ~[mysql-connector-java-8.0.13.jar:8.0.13]
	at com.mysql.cj.jdbc.exceptions.SQLError.createSQLException(SQLError.java:89) ~[mysql-connector-java-8.0.13.jar:8.0.13]
	at com.mysql.cj.jdbc.exceptions.SQLError.createSQLException(SQLError.java:63) ~[mysql-connector-java-8.0.13.jar:8.0.13]
	at com.mysql.cj.jdbc.ClientPreparedStatement.checkBounds(ClientPreparedStatement.java:1406) ~[mysql-connector-java-8.0.13.jar:8.0.13]
	at com.mysql.cj.jdbc.ClientPreparedStatement.getCoreParameterIndex(ClientPreparedStatement.java:1419) ~[mysql-connector-java-8.0.13.jar:8.0.13]
	at com.mysql.cj.jdbc.ClientPreparedStatement.setInt(ClientPreparedStatement.java:1607) ~[mysql-connector-java-8.0.13.jar:8.0.13]
	at com.mchange.v2.c3p0.impl.NewProxyPreparedStatement.setInt(NewProxyPreparedStatement.java:171) ~[c3p0-0.9.5.2.jar:0.9.5.2]
	at com.eddie.ecommerce.dao.impl.ItemBibliotecaDAOImpl.fingByIdEmail(ItemBibliotecaDAOImpl.java:442) [bin/:?]
	at com.eddie.ecommerce.service.impl.UsuarioServiceImpl.findByIdEmail(UsuarioServiceImpl.java:477) [bin/:?]
	at com.eddie.ecommerce.service.UsuarioServiceImplTest.testeServiceBiblio(UsuarioServiceImplTest.java:38) [bin/:?]
	at com.eddie.ecommerce.service.UsuarioServiceImplTest.main(UsuarioServiceImplTest.java:149) [bin/:?]
2019-04-25 09:45:36.445 DEBUG UsuarioServiceImpl.findByIdEmail:468 - Email = eddie_garcia@gmail.com, idJuego 3
2019-04-25 09:45:36.445 DEBUG UsuarioServiceImpl.findByIdEmail:468 - Email = eddie_garcia@gmail.com, idJuego 3
2019-04-25 09:45:37.157 DEBUG ItemBibliotecaDAOImpl.fingByIdEmail:428 - Email = eddie_garcia@gmail.com Idjuego = {}
2019-04-25 09:45:37.157 DEBUG ItemBibliotecaDAOImpl.fingByIdEmail:428 - Email = eddie_garcia@gmail.com Idjuego = {}
2019-04-25 09:45:37.157 DEBUG ItemBibliotecaDAOImpl.fingByIdEmail:437 - SELECT email,id_juego,puntuacion,comprado,comentario,fecha_comentario FROM usuarios_juego WHERE email LIKE '?' AND id_juego= ?
2019-04-25 09:45:37.157 DEBUG ItemBibliotecaDAOImpl.fingByIdEmail:437 - SELECT email,id_juego,puntuacion,comprado,comentario,fecha_comentario FROM usuarios_juego WHERE email LIKE '?' AND id_juego= ?
2019-04-25 09:45:37.179 INFO  ItemBibliotecaDAOImpl.fingByIdEmail:451 - Parameter index out of range (2 > number of parameters, which is 1).
java.sql.SQLException: Parameter index out of range (2 > number of parameters, which is 1).
	at com.mysql.cj.jdbc.exceptions.SQLError.createSQLException(SQLError.java:129) ~[mysql-connector-java-8.0.13.jar:8.0.13]
	at com.mysql.cj.jdbc.exceptions.SQLError.createSQLException(SQLError.java:97) ~[mysql-connector-java-8.0.13.jar:8.0.13]
	at com.mysql.cj.jdbc.exceptions.SQLError.createSQLException(SQLError.java:89) ~[mysql-connector-java-8.0.13.jar:8.0.13]
	at com.mysql.cj.jdbc.exceptions.SQLError.createSQLException(SQLError.java:63) ~[mysql-connector-java-8.0.13.jar:8.0.13]
	at com.mysql.cj.jdbc.ClientPreparedStatement.checkBounds(ClientPreparedStatement.java:1406) ~[mysql-connector-java-8.0.13.jar:8.0.13]
	at com.mysql.cj.jdbc.ClientPreparedStatement.getCoreParameterIndex(ClientPreparedStatement.java:1419) ~[mysql-connector-java-8.0.13.jar:8.0.13]
	at com.mysql.cj.jdbc.ClientPreparedStatement.setInt(ClientPreparedStatement.java:1607) ~[mysql-connector-java-8.0.13.jar:8.0.13]
	at com.mchange.v2.c3p0.impl.NewProxyPreparedStatement.setInt(NewProxyPreparedStatement.java:171) ~[c3p0-0.9.5.2.jar:0.9.5.2]
	at com.eddie.ecommerce.dao.impl.ItemBibliotecaDAOImpl.fingByIdEmail(ItemBibliotecaDAOImpl.java:442) [bin/:?]
	at com.eddie.ecommerce.service.impl.UsuarioServiceImpl.findByIdEmail(UsuarioServiceImpl.java:477) [bin/:?]
	at com.eddie.ecommerce.service.UsuarioServiceImplTest.testeServiceBiblio(UsuarioServiceImplTest.java:38) [bin/:?]
	at com.eddie.ecommerce.service.UsuarioServiceImplTest.main(UsuarioServiceImplTest.java:149) [bin/:?]
2019-04-25 09:45:37.179 INFO  ItemBibliotecaDAOImpl.fingByIdEmail:451 - Parameter index out of range (2 > number of parameters, which is 1).
java.sql.SQLException: Parameter index out of range (2 > number of parameters, which is 1).
	at com.mysql.cj.jdbc.exceptions.SQLError.createSQLException(SQLError.java:129) ~[mysql-connector-java-8.0.13.jar:8.0.13]
	at com.mysql.cj.jdbc.exceptions.SQLError.createSQLException(SQLError.java:97) ~[mysql-connector-java-8.0.13.jar:8.0.13]
	at com.mysql.cj.jdbc.exceptions.SQLError.createSQLException(SQLError.java:89) ~[mysql-connector-java-8.0.13.jar:8.0.13]
	at com.mysql.cj.jdbc.exceptions.SQLError.createSQLException(SQLError.java:63) ~[mysql-connector-java-8.0.13.jar:8.0.13]
	at com.mysql.cj.jdbc.ClientPreparedStatement.checkBounds(ClientPreparedStatement.java:1406) ~[mysql-connector-java-8.0.13.jar:8.0.13]
	at com.mysql.cj.jdbc.ClientPreparedStatement.getCoreParameterIndex(ClientPreparedStatement.java:1419) ~[mysql-connector-java-8.0.13.jar:8.0.13]
	at com.mysql.cj.jdbc.ClientPreparedStatement.setInt(ClientPreparedStatement.java:1607) ~[mysql-connector-java-8.0.13.jar:8.0.13]
	at com.mchange.v2.c3p0.impl.NewProxyPreparedStatement.setInt(NewProxyPreparedStatement.java:171) ~[c3p0-0.9.5.2.jar:0.9.5.2]
	at com.eddie.ecommerce.dao.impl.ItemBibliotecaDAOImpl.fingByIdEmail(ItemBibliotecaDAOImpl.java:442) [bin/:?]
	at com.eddie.ecommerce.service.impl.UsuarioServiceImpl.findByIdEmail(UsuarioServiceImpl.java:477) [bin/:?]
	at com.eddie.ecommerce.service.UsuarioServiceImplTest.testeServiceBiblio(UsuarioServiceImplTest.java:38) [bin/:?]
	at com.eddie.ecommerce.service.UsuarioServiceImplTest.main(UsuarioServiceImplTest.java:149) [bin/:?]
2019-04-25 09:49:23.819 DEBUG UsuarioServiceImpl.findByIdEmail:468 - Email = eddie_garcia@gmail.com, idJuego 3
2019-04-25 09:49:23.819 DEBUG UsuarioServiceImpl.findByIdEmail:468 - Email = eddie_garcia@gmail.com, idJuego 3
2019-04-25 09:49:24.523 DEBUG ItemBibliotecaDAOImpl.fingByIdEmail:428 - Email = eddie_garcia@gmail.com Idjuego = {}
2019-04-25 09:49:24.523 DEBUG ItemBibliotecaDAOImpl.fingByIdEmail:428 - Email = eddie_garcia@gmail.com Idjuego = {}
2019-04-25 09:49:24.523 DEBUG ItemBibliotecaDAOImpl.fingByIdEmail:437 - SELECT email,id_juego,puntuacion,comprado,comentario,fecha_comentario FROM usuarios_juego WHERE email LIKE '?' AND id_juego= ?
2019-04-25 09:49:24.523 DEBUG ItemBibliotecaDAOImpl.fingByIdEmail:437 - SELECT email,id_juego,puntuacion,comprado,comentario,fecha_comentario FROM usuarios_juego WHERE email LIKE '?' AND id_juego= ?
2019-04-25 09:49:24.552 INFO  ItemBibliotecaDAOImpl.fingByIdEmail:451 - Parameter index out of range (2 > number of parameters, which is 1).
java.sql.SQLException: Parameter index out of range (2 > number of parameters, which is 1).
	at com.mysql.cj.jdbc.exceptions.SQLError.createSQLException(SQLError.java:129) ~[mysql-connector-java-8.0.13.jar:8.0.13]
	at com.mysql.cj.jdbc.exceptions.SQLError.createSQLException(SQLError.java:97) ~[mysql-connector-java-8.0.13.jar:8.0.13]
	at com.mysql.cj.jdbc.exceptions.SQLError.createSQLException(SQLError.java:89) ~[mysql-connector-java-8.0.13.jar:8.0.13]
	at com.mysql.cj.jdbc.exceptions.SQLError.createSQLException(SQLError.java:63) ~[mysql-connector-java-8.0.13.jar:8.0.13]
	at com.mysql.cj.jdbc.ClientPreparedStatement.checkBounds(ClientPreparedStatement.java:1406) ~[mysql-connector-java-8.0.13.jar:8.0.13]
	at com.mysql.cj.jdbc.ClientPreparedStatement.getCoreParameterIndex(ClientPreparedStatement.java:1419) ~[mysql-connector-java-8.0.13.jar:8.0.13]
	at com.mysql.cj.jdbc.ClientPreparedStatement.setInt(ClientPreparedStatement.java:1607) ~[mysql-connector-java-8.0.13.jar:8.0.13]
	at com.mchange.v2.c3p0.impl.NewProxyPreparedStatement.setInt(NewProxyPreparedStatement.java:171) ~[c3p0-0.9.5.2.jar:0.9.5.2]
	at com.eddie.ecommerce.dao.impl.ItemBibliotecaDAOImpl.fingByIdEmail(ItemBibliotecaDAOImpl.java:442) [bin/:?]
	at com.eddie.ecommerce.service.impl.UsuarioServiceImpl.findByIdEmail(UsuarioServiceImpl.java:477) [bin/:?]
	at com.eddie.ecommerce.service.UsuarioServiceImplTest.testeServiceBiblio(UsuarioServiceImplTest.java:38) [bin/:?]
	at com.eddie.ecommerce.service.UsuarioServiceImplTest.main(UsuarioServiceImplTest.java:149) [bin/:?]
2019-04-25 09:49:24.552 INFO  ItemBibliotecaDAOImpl.fingByIdEmail:451 - Parameter index out of range (2 > number of parameters, which is 1).
java.sql.SQLException: Parameter index out of range (2 > number of parameters, which is 1).
	at com.mysql.cj.jdbc.exceptions.SQLError.createSQLException(SQLError.java:129) ~[mysql-connector-java-8.0.13.jar:8.0.13]
	at com.mysql.cj.jdbc.exceptions.SQLError.createSQLException(SQLError.java:97) ~[mysql-connector-java-8.0.13.jar:8.0.13]
	at com.mysql.cj.jdbc.exceptions.SQLError.createSQLException(SQLError.java:89) ~[mysql-connector-java-8.0.13.jar:8.0.13]
	at com.mysql.cj.jdbc.exceptions.SQLError.createSQLException(SQLError.java:63) ~[mysql-connector-java-8.0.13.jar:8.0.13]
	at com.mysql.cj.jdbc.ClientPreparedStatement.checkBounds(ClientPreparedStatement.java:1406) ~[mysql-connector-java-8.0.13.jar:8.0.13]
	at com.mysql.cj.jdbc.ClientPreparedStatement.getCoreParameterIndex(ClientPreparedStatement.java:1419) ~[mysql-connector-java-8.0.13.jar:8.0.13]
	at com.mysql.cj.jdbc.ClientPreparedStatement.setInt(ClientPreparedStatement.java:1607) ~[mysql-connector-java-8.0.13.jar:8.0.13]
	at com.mchange.v2.c3p0.impl.NewProxyPreparedStatement.setInt(NewProxyPreparedStatement.java:171) ~[c3p0-0.9.5.2.jar:0.9.5.2]
	at com.eddie.ecommerce.dao.impl.ItemBibliotecaDAOImpl.fingByIdEmail(ItemBibliotecaDAOImpl.java:442) [bin/:?]
	at com.eddie.ecommerce.service.impl.UsuarioServiceImpl.findByIdEmail(UsuarioServiceImpl.java:477) [bin/:?]
	at com.eddie.ecommerce.service.UsuarioServiceImplTest.testeServiceBiblio(UsuarioServiceImplTest.java:38) [bin/:?]
	at com.eddie.ecommerce.service.UsuarioServiceImplTest.main(UsuarioServiceImplTest.java:149) [bin/:?]
2019-04-25 09:51:02.325 DEBUG UsuarioServiceImpl.findByIdEmail:468 - Email = eddie_garcia@gmail.com, idJuego 3
2019-04-25 09:51:02.325 DEBUG UsuarioServiceImpl.findByIdEmail:468 - Email = eddie_garcia@gmail.com, idJuego 3
2019-04-25 09:51:03.045 DEBUG ItemBibliotecaDAOImpl.fingByIdEmail:428 - Email = eddie_garcia@gmail.com Idjuego = {}
2019-04-25 09:51:03.045 DEBUG ItemBibliotecaDAOImpl.fingByIdEmail:428 - Email = eddie_garcia@gmail.com Idjuego = {}
2019-04-25 09:51:03.045 DEBUG ItemBibliotecaDAOImpl.fingByIdEmail:437 - SELECT email,id_juego,puntuacion,comprado,comentario,fecha_comentario FROM usuarios_juego WHERE email LIKE '?' AND id_juego= ?
2019-04-25 09:51:03.045 DEBUG ItemBibliotecaDAOImpl.fingByIdEmail:437 - SELECT email,id_juego,puntuacion,comprado,comentario,fecha_comentario FROM usuarios_juego WHERE email LIKE '?' AND id_juego= ?
2019-04-25 09:51:03.075 INFO  ItemBibliotecaDAOImpl.fingByIdEmail:451 - Parameter index out of range (2 > number of parameters, which is 1).
java.sql.SQLException: Parameter index out of range (2 > number of parameters, which is 1).
	at com.mysql.cj.jdbc.exceptions.SQLError.createSQLException(SQLError.java:129) ~[mysql-connector-java-8.0.13.jar:8.0.13]
	at com.mysql.cj.jdbc.exceptions.SQLError.createSQLException(SQLError.java:97) ~[mysql-connector-java-8.0.13.jar:8.0.13]
	at com.mysql.cj.jdbc.exceptions.SQLError.createSQLException(SQLError.java:89) ~[mysql-connector-java-8.0.13.jar:8.0.13]
	at com.mysql.cj.jdbc.exceptions.SQLError.createSQLException(SQLError.java:63) ~[mysql-connector-java-8.0.13.jar:8.0.13]
	at com.mysql.cj.jdbc.ClientPreparedStatement.checkBounds(ClientPreparedStatement.java:1406) ~[mysql-connector-java-8.0.13.jar:8.0.13]
	at com.mysql.cj.jdbc.ClientPreparedStatement.getCoreParameterIndex(ClientPreparedStatement.java:1419) ~[mysql-connector-java-8.0.13.jar:8.0.13]
	at com.mysql.cj.jdbc.ClientPreparedStatement.setInt(ClientPreparedStatement.java:1607) ~[mysql-connector-java-8.0.13.jar:8.0.13]
	at com.mchange.v2.c3p0.impl.NewProxyPreparedStatement.setInt(NewProxyPreparedStatement.java:171) ~[c3p0-0.9.5.2.jar:0.9.5.2]
	at com.eddie.ecommerce.dao.impl.ItemBibliotecaDAOImpl.fingByIdEmail(ItemBibliotecaDAOImpl.java:442) [bin/:?]
	at com.eddie.ecommerce.service.impl.UsuarioServiceImpl.findByIdEmail(UsuarioServiceImpl.java:477) [bin/:?]
	at com.eddie.ecommerce.service.UsuarioServiceImplTest.testeServiceBiblio(UsuarioServiceImplTest.java:38) [bin/:?]
	at com.eddie.ecommerce.service.UsuarioServiceImplTest.main(UsuarioServiceImplTest.java:149) [bin/:?]
2019-04-25 09:51:03.075 INFO  ItemBibliotecaDAOImpl.fingByIdEmail:451 - Parameter index out of range (2 > number of parameters, which is 1).
java.sql.SQLException: Parameter index out of range (2 > number of parameters, which is 1).
	at com.mysql.cj.jdbc.exceptions.SQLError.createSQLException(SQLError.java:129) ~[mysql-connector-java-8.0.13.jar:8.0.13]
	at com.mysql.cj.jdbc.exceptions.SQLError.createSQLException(SQLError.java:97) ~[mysql-connector-java-8.0.13.jar:8.0.13]
	at com.mysql.cj.jdbc.exceptions.SQLError.createSQLException(SQLError.java:89) ~[mysql-connector-java-8.0.13.jar:8.0.13]
	at com.mysql.cj.jdbc.exceptions.SQLError.createSQLException(SQLError.java:63) ~[mysql-connector-java-8.0.13.jar:8.0.13]
	at com.mysql.cj.jdbc.ClientPreparedStatement.checkBounds(ClientPreparedStatement.java:1406) ~[mysql-connector-java-8.0.13.jar:8.0.13]
	at com.mysql.cj.jdbc.ClientPreparedStatement.getCoreParameterIndex(ClientPreparedStatement.java:1419) ~[mysql-connector-java-8.0.13.jar:8.0.13]
	at com.mysql.cj.jdbc.ClientPreparedStatement.setInt(ClientPreparedStatement.java:1607) ~[mysql-connector-java-8.0.13.jar:8.0.13]
	at com.mchange.v2.c3p0.impl.NewProxyPreparedStatement.setInt(NewProxyPreparedStatement.java:171) ~[c3p0-0.9.5.2.jar:0.9.5.2]
	at com.eddie.ecommerce.dao.impl.ItemBibliotecaDAOImpl.fingByIdEmail(ItemBibliotecaDAOImpl.java:442) [bin/:?]
	at com.eddie.ecommerce.service.impl.UsuarioServiceImpl.findByIdEmail(UsuarioServiceImpl.java:477) [bin/:?]
	at com.eddie.ecommerce.service.UsuarioServiceImplTest.testeServiceBiblio(UsuarioServiceImplTest.java:38) [bin/:?]
	at com.eddie.ecommerce.service.UsuarioServiceImplTest.main(UsuarioServiceImplTest.java:149) [bin/:?]
2019-04-25 09:54:00.989 DEBUG UsuarioServiceImpl.findByIdEmail:468 - Email = eddie_garcia@gmail.com, idJuego 3
2019-04-25 09:54:00.989 DEBUG UsuarioServiceImpl.findByIdEmail:468 - Email = eddie_garcia@gmail.com, idJuego 3
2019-04-25 09:54:01.732 DEBUG ItemBibliotecaDAOImpl.fingByIdEmail:428 - Email = eddie_garcia@gmail.com Idjuego = {}
2019-04-25 09:54:01.732 DEBUG ItemBibliotecaDAOImpl.fingByIdEmail:428 - Email = eddie_garcia@gmail.com Idjuego = {}
2019-04-25 09:54:15.413 DEBUG ItemBibliotecaDAOImpl.fingByIdEmail:437 - SELECT email,id_juego,puntuacion,comprado,comentario,fecha_comentario FROM usuarios_juego WHERE email LIKE '?' AND id_juego= ?
2019-04-25 09:54:15.413 DEBUG ItemBibliotecaDAOImpl.fingByIdEmail:437 - SELECT email,id_juego,puntuacion,comprado,comentario,fecha_comentario FROM usuarios_juego WHERE email LIKE '?' AND id_juego= ?
2019-04-25 09:54:45.967 INFO  ItemBibliotecaDAOImpl.fingByIdEmail:451 - Parameter index out of range (2 > number of parameters, which is 1).
java.sql.SQLException: Parameter index out of range (2 > number of parameters, which is 1).
	at com.mysql.cj.jdbc.exceptions.SQLError.createSQLException(SQLError.java:129) ~[mysql-connector-java-8.0.13.jar:8.0.13]
	at com.mysql.cj.jdbc.exceptions.SQLError.createSQLException(SQLError.java:97) ~[mysql-connector-java-8.0.13.jar:8.0.13]
	at com.mysql.cj.jdbc.exceptions.SQLError.createSQLException(SQLError.java:89) ~[mysql-connector-java-8.0.13.jar:8.0.13]
	at com.mysql.cj.jdbc.exceptions.SQLError.createSQLException(SQLError.java:63) ~[mysql-connector-java-8.0.13.jar:8.0.13]
	at com.mysql.cj.jdbc.ClientPreparedStatement.checkBounds(ClientPreparedStatement.java:1406) ~[mysql-connector-java-8.0.13.jar:8.0.13]
	at com.mysql.cj.jdbc.ClientPreparedStatement.getCoreParameterIndex(ClientPreparedStatement.java:1419) ~[mysql-connector-java-8.0.13.jar:8.0.13]
	at com.mysql.cj.jdbc.ClientPreparedStatement.setInt(ClientPreparedStatement.java:1607) ~[mysql-connector-java-8.0.13.jar:8.0.13]
	at com.mchange.v2.c3p0.impl.NewProxyPreparedStatement.setInt(NewProxyPreparedStatement.java:171) ~[c3p0-0.9.5.2.jar:0.9.5.2]
	at com.eddie.ecommerce.dao.impl.ItemBibliotecaDAOImpl.fingByIdEmail(ItemBibliotecaDAOImpl.java:442) [bin/:?]
	at com.eddie.ecommerce.service.impl.UsuarioServiceImpl.findByIdEmail(UsuarioServiceImpl.java:477) [bin/:?]
	at com.eddie.ecommerce.service.UsuarioServiceImplTest.testeServiceBiblio(UsuarioServiceImplTest.java:38) [bin/:?]
	at com.eddie.ecommerce.service.UsuarioServiceImplTest.main(UsuarioServiceImplTest.java:149) [bin/:?]
2019-04-25 09:54:45.967 INFO  ItemBibliotecaDAOImpl.fingByIdEmail:451 - Parameter index out of range (2 > number of parameters, which is 1).
java.sql.SQLException: Parameter index out of range (2 > number of parameters, which is 1).
	at com.mysql.cj.jdbc.exceptions.SQLError.createSQLException(SQLError.java:129) ~[mysql-connector-java-8.0.13.jar:8.0.13]
	at com.mysql.cj.jdbc.exceptions.SQLError.createSQLException(SQLError.java:97) ~[mysql-connector-java-8.0.13.jar:8.0.13]
	at com.mysql.cj.jdbc.exceptions.SQLError.createSQLException(SQLError.java:89) ~[mysql-connector-java-8.0.13.jar:8.0.13]
	at com.mysql.cj.jdbc.exceptions.SQLError.createSQLException(SQLError.java:63) ~[mysql-connector-java-8.0.13.jar:8.0.13]
	at com.mysql.cj.jdbc.ClientPreparedStatement.checkBounds(ClientPreparedStatement.java:1406) ~[mysql-connector-java-8.0.13.jar:8.0.13]
	at com.mysql.cj.jdbc.ClientPreparedStatement.getCoreParameterIndex(ClientPreparedStatement.java:1419) ~[mysql-connector-java-8.0.13.jar:8.0.13]
	at com.mysql.cj.jdbc.ClientPreparedStatement.setInt(ClientPreparedStatement.java:1607) ~[mysql-connector-java-8.0.13.jar:8.0.13]
	at com.mchange.v2.c3p0.impl.NewProxyPreparedStatement.setInt(NewProxyPreparedStatement.java:171) ~[c3p0-0.9.5.2.jar:0.9.5.2]
	at com.eddie.ecommerce.dao.impl.ItemBibliotecaDAOImpl.fingByIdEmail(ItemBibliotecaDAOImpl.java:442) [bin/:?]
	at com.eddie.ecommerce.service.impl.UsuarioServiceImpl.findByIdEmail(UsuarioServiceImpl.java:477) [bin/:?]
	at com.eddie.ecommerce.service.UsuarioServiceImplTest.testeServiceBiblio(UsuarioServiceImplTest.java:38) [bin/:?]
	at com.eddie.ecommerce.service.UsuarioServiceImplTest.main(UsuarioServiceImplTest.java:149) [bin/:?]
2019-04-25 09:55:12.006 DEBUG UsuarioServiceImpl.findByIdEmail:468 - Email = eddie_garcia@gmail.com, idJuego 3
2019-04-25 09:55:12.006 DEBUG UsuarioServiceImpl.findByIdEmail:468 - Email = eddie_garcia@gmail.com, idJuego 3
2019-04-25 09:55:12.807 DEBUG ItemBibliotecaDAOImpl.fingByIdEmail:428 - Email = eddie_garcia@gmail.com Idjuego = {}
2019-04-25 09:55:12.807 DEBUG ItemBibliotecaDAOImpl.fingByIdEmail:428 - Email = eddie_garcia@gmail.com Idjuego = {}
2019-04-25 09:55:25.281 DEBUG UsuarioServiceImpl.findByIdEmail:468 - Email = eddie_garcia@gmail.com, idJuego 3
2019-04-25 09:55:25.281 DEBUG UsuarioServiceImpl.findByIdEmail:468 - Email = eddie_garcia@gmail.com, idJuego 3
2019-04-25 09:55:26.030 DEBUG ItemBibliotecaDAOImpl.fingByIdEmail:428 - Email = eddie_garcia@gmail.com Idjuego = {}
2019-04-25 09:55:26.030 DEBUG ItemBibliotecaDAOImpl.fingByIdEmail:428 - Email = eddie_garcia@gmail.com Idjuego = {}
2019-04-25 09:55:39.136 DEBUG UsuarioServiceImpl.findByIdEmail:468 - Email = eddie_garcia@gmail.com, idJuego 3
2019-04-25 09:55:39.136 DEBUG UsuarioServiceImpl.findByIdEmail:468 - Email = eddie_garcia@gmail.com, idJuego 3
2019-04-25 09:55:39.879 DEBUG ItemBibliotecaDAOImpl.fingByIdEmail:428 - Email = eddie_garcia@gmail.com Idjuego = {}
2019-04-25 09:55:39.879 DEBUG ItemBibliotecaDAOImpl.fingByIdEmail:428 - Email = eddie_garcia@gmail.com Idjuego = {}
2019-04-25 09:55:52.710 DEBUG UsuarioServiceImpl.findByIdEmail:468 - Email = eddie_garcia@gmail.com, idJuego 3
2019-04-25 09:55:52.710 DEBUG UsuarioServiceImpl.findByIdEmail:468 - Email = eddie_garcia@gmail.com, idJuego 3
2019-04-25 09:55:53.445 DEBUG ItemBibliotecaDAOImpl.fingByIdEmail:428 - Email = eddie_garcia@gmail.com Idjuego = {}
2019-04-25 09:55:53.445 DEBUG ItemBibliotecaDAOImpl.fingByIdEmail:428 - Email = eddie_garcia@gmail.com Idjuego = {}
2019-04-25 09:56:03.299 DEBUG ItemBibliotecaDAOImpl.fingByIdEmail:437 - SELECT email,id_juego,puntuacion,comprado,comentario,fecha_comentario FROM usuarios_juego WHERE email LIKE '?' AND id_juego= ?
2019-04-25 09:56:03.299 DEBUG ItemBibliotecaDAOImpl.fingByIdEmail:437 - SELECT email,id_juego,puntuacion,comprado,comentario,fecha_comentario FROM usuarios_juego WHERE email LIKE '?' AND id_juego= ?
2019-04-25 09:56:34.793 INFO  ItemBibliotecaDAOImpl.fingByIdEmail:451 - Parameter index out of range (2 > number of parameters, which is 1).
java.sql.SQLException: Parameter index out of range (2 > number of parameters, which is 1).
	at com.mysql.cj.jdbc.exceptions.SQLError.createSQLException(SQLError.java:129) ~[mysql-connector-java-8.0.13.jar:8.0.13]
	at com.mysql.cj.jdbc.exceptions.SQLError.createSQLException(SQLError.java:97) ~[mysql-connector-java-8.0.13.jar:8.0.13]
	at com.mysql.cj.jdbc.exceptions.SQLError.createSQLException(SQLError.java:89) ~[mysql-connector-java-8.0.13.jar:8.0.13]
	at com.mysql.cj.jdbc.exceptions.SQLError.createSQLException(SQLError.java:63) ~[mysql-connector-java-8.0.13.jar:8.0.13]
	at com.mysql.cj.jdbc.ClientPreparedStatement.checkBounds(ClientPreparedStatement.java:1406) ~[mysql-connector-java-8.0.13.jar:8.0.13]
	at com.mysql.cj.jdbc.ClientPreparedStatement.getCoreParameterIndex(ClientPreparedStatement.java:1419) ~[mysql-connector-java-8.0.13.jar:8.0.13]
	at com.mysql.cj.jdbc.ClientPreparedStatement.setInt(ClientPreparedStatement.java:1607) ~[mysql-connector-java-8.0.13.jar:8.0.13]
	at com.mchange.v2.c3p0.impl.NewProxyPreparedStatement.setInt(NewProxyPreparedStatement.java:171) ~[c3p0-0.9.5.2.jar:0.9.5.2]
	at com.eddie.ecommerce.dao.impl.ItemBibliotecaDAOImpl.fingByIdEmail(ItemBibliotecaDAOImpl.java:442) [bin/:?]
	at com.eddie.ecommerce.service.impl.UsuarioServiceImpl.findByIdEmail(UsuarioServiceImpl.java:477) [bin/:?]
	at com.eddie.ecommerce.service.UsuarioServiceImplTest.testeServiceBiblio(UsuarioServiceImplTest.java:38) [bin/:?]
	at com.eddie.ecommerce.service.UsuarioServiceImplTest.main(UsuarioServiceImplTest.java:149) [bin/:?]
2019-04-25 09:56:34.793 INFO  ItemBibliotecaDAOImpl.fingByIdEmail:451 - Parameter index out of range (2 > number of parameters, which is 1).
java.sql.SQLException: Parameter index out of range (2 > number of parameters, which is 1).
	at com.mysql.cj.jdbc.exceptions.SQLError.createSQLException(SQLError.java:129) ~[mysql-connector-java-8.0.13.jar:8.0.13]
	at com.mysql.cj.jdbc.exceptions.SQLError.createSQLException(SQLError.java:97) ~[mysql-connector-java-8.0.13.jar:8.0.13]
	at com.mysql.cj.jdbc.exceptions.SQLError.createSQLException(SQLError.java:89) ~[mysql-connector-java-8.0.13.jar:8.0.13]
	at com.mysql.cj.jdbc.exceptions.SQLError.createSQLException(SQLError.java:63) ~[mysql-connector-java-8.0.13.jar:8.0.13]
	at com.mysql.cj.jdbc.ClientPreparedStatement.checkBounds(ClientPreparedStatement.java:1406) ~[mysql-connector-java-8.0.13.jar:8.0.13]
	at com.mysql.cj.jdbc.ClientPreparedStatement.getCoreParameterIndex(ClientPreparedStatement.java:1419) ~[mysql-connector-java-8.0.13.jar:8.0.13]
	at com.mysql.cj.jdbc.ClientPreparedStatement.setInt(ClientPreparedStatement.java:1607) ~[mysql-connector-java-8.0.13.jar:8.0.13]
	at com.mchange.v2.c3p0.impl.NewProxyPreparedStatement.setInt(NewProxyPreparedStatement.java:171) ~[c3p0-0.9.5.2.jar:0.9.5.2]
	at com.eddie.ecommerce.dao.impl.ItemBibliotecaDAOImpl.fingByIdEmail(ItemBibliotecaDAOImpl.java:442) [bin/:?]
	at com.eddie.ecommerce.service.impl.UsuarioServiceImpl.findByIdEmail(UsuarioServiceImpl.java:477) [bin/:?]
	at com.eddie.ecommerce.service.UsuarioServiceImplTest.testeServiceBiblio(UsuarioServiceImplTest.java:38) [bin/:?]
	at com.eddie.ecommerce.service.UsuarioServiceImplTest.main(UsuarioServiceImplTest.java:149) [bin/:?]
2019-04-25 09:57:21.261 DEBUG UsuarioServiceImpl.findByIdEmail:468 - Email = eddie_garcia@gmail.com, idJuego 3
2019-04-25 09:57:21.261 DEBUG UsuarioServiceImpl.findByIdEmail:468 - Email = eddie_garcia@gmail.com, idJuego 3
2019-04-25 09:57:22.028 DEBUG ItemBibliotecaDAOImpl.fingByIdEmail:428 - Email = eddie_garcia@gmail.com Idjuego = {}
2019-04-25 09:57:22.028 DEBUG ItemBibliotecaDAOImpl.fingByIdEmail:428 - Email = eddie_garcia@gmail.com Idjuego = {}
2019-04-25 09:57:23.970 DEBUG ItemBibliotecaDAOImpl.fingByIdEmail:437 - SELECT email,id_juego,puntuacion,comprado,comentario,fecha_comentario FROM usuarios_juego WHERE email LIKE '?' AND id_juego=3
2019-04-25 09:57:23.970 DEBUG ItemBibliotecaDAOImpl.fingByIdEmail:437 - SELECT email,id_juego,puntuacion,comprado,comentario,fecha_comentario FROM usuarios_juego WHERE email LIKE '?' AND id_juego=3
2019-04-25 09:57:28.544 INFO  ItemBibliotecaDAOImpl.fingByIdEmail:450 - Parameter index out of range (1 > number of parameters, which is 0).
java.sql.SQLException: Parameter index out of range (1 > number of parameters, which is 0).
	at com.mysql.cj.jdbc.exceptions.SQLError.createSQLException(SQLError.java:129) ~[mysql-connector-java-8.0.13.jar:8.0.13]
	at com.mysql.cj.jdbc.exceptions.SQLError.createSQLException(SQLError.java:97) ~[mysql-connector-java-8.0.13.jar:8.0.13]
	at com.mysql.cj.jdbc.exceptions.SQLError.createSQLException(SQLError.java:89) ~[mysql-connector-java-8.0.13.jar:8.0.13]
	at com.mysql.cj.jdbc.exceptions.SQLError.createSQLException(SQLError.java:63) ~[mysql-connector-java-8.0.13.jar:8.0.13]
	at com.mysql.cj.jdbc.ClientPreparedStatement.checkBounds(ClientPreparedStatement.java:1406) ~[mysql-connector-java-8.0.13.jar:8.0.13]
	at com.mysql.cj.jdbc.ClientPreparedStatement.getCoreParameterIndex(ClientPreparedStatement.java:1419) ~[mysql-connector-java-8.0.13.jar:8.0.13]
	at com.mysql.cj.jdbc.ClientPreparedStatement.setString(ClientPreparedStatement.java:1786) ~[mysql-connector-java-8.0.13.jar:8.0.13]
	at com.mchange.v2.c3p0.impl.NewProxyPreparedStatement.setString(NewProxyPreparedStatement.java:540) ~[c3p0-0.9.5.2.jar:0.9.5.2]
	at com.eddie.ecommerce.dao.impl.ItemBibliotecaDAOImpl.fingByIdEmail(ItemBibliotecaDAOImpl.java:441) [bin/:?]
	at com.eddie.ecommerce.service.impl.UsuarioServiceImpl.findByIdEmail(UsuarioServiceImpl.java:477) [bin/:?]
	at com.eddie.ecommerce.service.UsuarioServiceImplTest.testeServiceBiblio(UsuarioServiceImplTest.java:38) [bin/:?]
	at com.eddie.ecommerce.service.UsuarioServiceImplTest.main(UsuarioServiceImplTest.java:149) [bin/:?]
2019-04-25 09:57:28.544 INFO  ItemBibliotecaDAOImpl.fingByIdEmail:450 - Parameter index out of range (1 > number of parameters, which is 0).
java.sql.SQLException: Parameter index out of range (1 > number of parameters, which is 0).
	at com.mysql.cj.jdbc.exceptions.SQLError.createSQLException(SQLError.java:129) ~[mysql-connector-java-8.0.13.jar:8.0.13]
	at com.mysql.cj.jdbc.exceptions.SQLError.createSQLException(SQLError.java:97) ~[mysql-connector-java-8.0.13.jar:8.0.13]
	at com.mysql.cj.jdbc.exceptions.SQLError.createSQLException(SQLError.java:89) ~[mysql-connector-java-8.0.13.jar:8.0.13]
	at com.mysql.cj.jdbc.exceptions.SQLError.createSQLException(SQLError.java:63) ~[mysql-connector-java-8.0.13.jar:8.0.13]
	at com.mysql.cj.jdbc.ClientPreparedStatement.checkBounds(ClientPreparedStatement.java:1406) ~[mysql-connector-java-8.0.13.jar:8.0.13]
	at com.mysql.cj.jdbc.ClientPreparedStatement.getCoreParameterIndex(ClientPreparedStatement.java:1419) ~[mysql-connector-java-8.0.13.jar:8.0.13]
	at com.mysql.cj.jdbc.ClientPreparedStatement.setString(ClientPreparedStatement.java:1786) ~[mysql-connector-java-8.0.13.jar:8.0.13]
	at com.mchange.v2.c3p0.impl.NewProxyPreparedStatement.setString(NewProxyPreparedStatement.java:540) ~[c3p0-0.9.5.2.jar:0.9.5.2]
	at com.eddie.ecommerce.dao.impl.ItemBibliotecaDAOImpl.fingByIdEmail(ItemBibliotecaDAOImpl.java:441) [bin/:?]
	at com.eddie.ecommerce.service.impl.UsuarioServiceImpl.findByIdEmail(UsuarioServiceImpl.java:477) [bin/:?]
	at com.eddie.ecommerce.service.UsuarioServiceImplTest.testeServiceBiblio(UsuarioServiceImplTest.java:38) [bin/:?]
	at com.eddie.ecommerce.service.UsuarioServiceImplTest.main(UsuarioServiceImplTest.java:149) [bin/:?]
2019-04-25 09:58:07.857 DEBUG UsuarioServiceImpl.findByIdEmail:468 - Email = eddie_garcia@gmail.com, idJuego 3
2019-04-25 09:58:07.857 DEBUG UsuarioServiceImpl.findByIdEmail:468 - Email = eddie_garcia@gmail.com, idJuego 3
2019-04-25 09:58:08.600 DEBUG ItemBibliotecaDAOImpl.fingByIdEmail:428 - Email = eddie_garcia@gmail.com Idjuego = {}
2019-04-25 09:58:08.600 DEBUG ItemBibliotecaDAOImpl.fingByIdEmail:428 - Email = eddie_garcia@gmail.com Idjuego = {}
2019-04-25 09:58:10.325 DEBUG ItemBibliotecaDAOImpl.fingByIdEmail:437 - SELECT email,id_juego,puntuacion,comprado,comentario,fecha_comentario FROM usuarios_juego WHERE email LIKE 'eddie_garcia@gmail.com' AND id_juego=3
2019-04-25 09:58:10.325 DEBUG ItemBibliotecaDAOImpl.fingByIdEmail:437 - SELECT email,id_juego,puntuacion,comprado,comentario,fecha_comentario FROM usuarios_juego WHERE email LIKE 'eddie_garcia@gmail.com' AND id_juego=3
2019-04-25 10:37:22.498 DEBUG ItemBibliotecaDAOImpl.findByJuegoPuntuacion:463 - Id= 1
2019-04-25 10:37:22.498 DEBUG ItemBibliotecaDAOImpl.findByJuegoPuntuacion:463 - Id= 1
2019-04-25 10:37:22.546 DEBUG ItemBibliotecaDAOImpl.findByJuegoPuntuacion:481 - select id_juego,ROUND(AVG(puntuacion)),comprado,comentario,fecha_comentario from usuarios_juego where id_juego=? group by id_juego
2019-04-25 10:37:22.546 DEBUG ItemBibliotecaDAOImpl.findByJuegoPuntuacion:481 - select id_juego,ROUND(AVG(puntuacion)),comprado,comentario,fecha_comentario from usuarios_juego where id_juego=? group by id_juego
2019-04-25 10:37:22.556 ERROR ItemBibliotecaDAOImpl.findByJuegoPuntuacion:488 - Cannot determine value type from string 'N'
java.sql.SQLDataException: Cannot determine value type from string 'N'
	at com.mysql.cj.jdbc.exceptions.SQLError.createSQLException(SQLError.java:114) ~[mysql-connector-java-8.0.13.jar:8.0.13]
	at com.mysql.cj.jdbc.exceptions.SQLError.createSQLException(SQLError.java:97) ~[mysql-connector-java-8.0.13.jar:8.0.13]
	at com.mysql.cj.jdbc.exceptions.SQLError.createSQLException(SQLError.java:89) ~[mysql-connector-java-8.0.13.jar:8.0.13]
	at com.mysql.cj.jdbc.exceptions.SQLError.createSQLException(SQLError.java:63) ~[mysql-connector-java-8.0.13.jar:8.0.13]
	at com.mysql.cj.jdbc.exceptions.SQLError.createSQLException(SQLError.java:73) ~[mysql-connector-java-8.0.13.jar:8.0.13]
	at com.mysql.cj.jdbc.exceptions.SQLExceptionsMapping.translateException(SQLExceptionsMapping.java:96) ~[mysql-connector-java-8.0.13.jar:8.0.13]
	at com.mysql.cj.jdbc.result.ResultSetImpl.getInt(ResultSetImpl.java:896) ~[mysql-connector-java-8.0.13.jar:8.0.13]
	at com.mchange.v2.c3p0.impl.NewProxyResultSet.getInt(NewProxyResultSet.java:425) ~[c3p0-0.9.5.2.jar:0.9.5.2]
	at com.eddie.ecommerce.dao.impl.ItemBibliotecaDAOImpl.loadNext(ItemBibliotecaDAOImpl.java:502) ~[bin/:?]
	at com.eddie.ecommerce.dao.impl.ItemBibliotecaDAOImpl.findByJuegoPuntuacion(ItemBibliotecaDAOImpl.java:484) [bin/:?]
	at com.eddie.ecommerce.dao.ItemBibliotecaDAOTest.testmedia(ItemBibliotecaDAOTest.java:68) [bin/:?]
	at com.eddie.ecommerce.dao.ItemBibliotecaDAOTest.main(ItemBibliotecaDAOTest.java:82) [bin/:?]
Caused by: com.mysql.cj.exceptions.DataConversionException: Cannot determine value type from string 'N'
	at com.mysql.cj.result.StringConverter.createFromBytes(StringConverter.java:131) ~[mysql-connector-java-8.0.13.jar:8.0.13]
	at com.mysql.cj.protocol.a.MysqlTextValueDecoder.decodeByteArray(MysqlTextValueDecoder.java:238) ~[mysql-connector-java-8.0.13.jar:8.0.13]
	at com.mysql.cj.protocol.result.AbstractResultsetRow.decodeAndCreateReturnValue(AbstractResultsetRow.java:143) ~[mysql-connector-java-8.0.13.jar:8.0.13]
	at com.mysql.cj.protocol.result.AbstractResultsetRow.getValueFromBytes(AbstractResultsetRow.java:250) ~[mysql-connector-java-8.0.13.jar:8.0.13]
	at com.mysql.cj.protocol.a.result.ByteArrayRow.getValue(ByteArrayRow.java:91) ~[mysql-connector-java-8.0.13.jar:8.0.13]
	at com.mysql.cj.jdbc.result.ResultSetImpl.getNonStringValueFromRow(ResultSetImpl.java:656) ~[mysql-connector-java-8.0.13.jar:8.0.13]
	... 6 more
2019-04-25 10:37:22.556 ERROR ItemBibliotecaDAOImpl.findByJuegoPuntuacion:488 - Cannot determine value type from string 'N'
java.sql.SQLDataException: Cannot determine value type from string 'N'
	at com.mysql.cj.jdbc.exceptions.SQLError.createSQLException(SQLError.java:114) ~[mysql-connector-java-8.0.13.jar:8.0.13]
	at com.mysql.cj.jdbc.exceptions.SQLError.createSQLException(SQLError.java:97) ~[mysql-connector-java-8.0.13.jar:8.0.13]
	at com.mysql.cj.jdbc.exceptions.SQLError.createSQLException(SQLError.java:89) ~[mysql-connector-java-8.0.13.jar:8.0.13]
	at com.mysql.cj.jdbc.exceptions.SQLError.createSQLException(SQLError.java:63) ~[mysql-connector-java-8.0.13.jar:8.0.13]
	at com.mysql.cj.jdbc.exceptions.SQLError.createSQLException(SQLError.java:73) ~[mysql-connector-java-8.0.13.jar:8.0.13]
	at com.mysql.cj.jdbc.exceptions.SQLExceptionsMapping.translateException(SQLExceptionsMapping.java:96) ~[mysql-connector-java-8.0.13.jar:8.0.13]
	at com.mysql.cj.jdbc.result.ResultSetImpl.getInt(ResultSetImpl.java:896) ~[mysql-connector-java-8.0.13.jar:8.0.13]
	at com.mchange.v2.c3p0.impl.NewProxyResultSet.getInt(NewProxyResultSet.java:425) ~[c3p0-0.9.5.2.jar:0.9.5.2]
	at com.eddie.ecommerce.dao.impl.ItemBibliotecaDAOImpl.loadNext(ItemBibliotecaDAOImpl.java:502) ~[bin/:?]
	at com.eddie.ecommerce.dao.impl.ItemBibliotecaDAOImpl.findByJuegoPuntuacion(ItemBibliotecaDAOImpl.java:484) [bin/:?]
	at com.eddie.ecommerce.dao.ItemBibliotecaDAOTest.testmedia(ItemBibliotecaDAOTest.java:68) [bin/:?]
	at com.eddie.ecommerce.dao.ItemBibliotecaDAOTest.main(ItemBibliotecaDAOTest.java:82) [bin/:?]
Caused by: com.mysql.cj.exceptions.DataConversionException: Cannot determine value type from string 'N'
	at com.mysql.cj.result.StringConverter.createFromBytes(StringConverter.java:131) ~[mysql-connector-java-8.0.13.jar:8.0.13]
	at com.mysql.cj.protocol.a.MysqlTextValueDecoder.decodeByteArray(MysqlTextValueDecoder.java:238) ~[mysql-connector-java-8.0.13.jar:8.0.13]
	at com.mysql.cj.protocol.result.AbstractResultsetRow.decodeAndCreateReturnValue(AbstractResultsetRow.java:143) ~[mysql-connector-java-8.0.13.jar:8.0.13]
	at com.mysql.cj.protocol.result.AbstractResultsetRow.getValueFromBytes(AbstractResultsetRow.java:250) ~[mysql-connector-java-8.0.13.jar:8.0.13]
	at com.mysql.cj.protocol.a.result.ByteArrayRow.getValue(ByteArrayRow.java:91) ~[mysql-connector-java-8.0.13.jar:8.0.13]
	at com.mysql.cj.jdbc.result.ResultSetImpl.getNonStringValueFromRow(ResultSetImpl.java:656) ~[mysql-connector-java-8.0.13.jar:8.0.13]
	... 6 more
2019-04-25 10:43:39.659 DEBUG ItemBibliotecaDAOImpl.findByJuegoPuntuacion:463 - Id= 1
2019-04-25 10:43:39.659 DEBUG ItemBibliotecaDAOImpl.findByJuegoPuntuacion:463 - Id= 1
2019-04-25 10:43:39.700 DEBUG ItemBibliotecaDAOImpl.findByJuegoPuntuacion:481 - select id_juego,ROUND(AVG(puntuacion)) from usuarios_juego where id_juego=? group by id_juego
2019-04-25 10:43:39.700 DEBUG ItemBibliotecaDAOImpl.findByJuegoPuntuacion:481 - select id_juego,ROUND(AVG(puntuacion)) from usuarios_juego where id_juego=? group by id_juego
2019-04-25 10:43:39.706 ERROR ItemBibliotecaDAOImpl.findByJuegoPuntuacion:488 - Column Index out of range, 3 > 2. 
java.sql.SQLException: Column Index out of range, 3 > 2. 
	at com.mysql.cj.jdbc.exceptions.SQLError.createSQLException(SQLError.java:129) ~[mysql-connector-java-8.0.13.jar:8.0.13]
	at com.mysql.cj.jdbc.exceptions.SQLError.createSQLException(SQLError.java:97) ~[mysql-connector-java-8.0.13.jar:8.0.13]
	at com.mysql.cj.jdbc.exceptions.SQLError.createSQLException(SQLError.java:89) ~[mysql-connector-java-8.0.13.jar:8.0.13]
	at com.mysql.cj.jdbc.exceptions.SQLError.createSQLException(SQLError.java:63) ~[mysql-connector-java-8.0.13.jar:8.0.13]
	at com.mysql.cj.jdbc.result.ResultSetImpl.checkColumnBounds(ResultSetImpl.java:494) ~[mysql-connector-java-8.0.13.jar:8.0.13]
	at com.mysql.cj.jdbc.result.ResultSetImpl.getInt(ResultSetImpl.java:895) ~[mysql-connector-java-8.0.13.jar:8.0.13]
	at com.mchange.v2.c3p0.impl.NewProxyResultSet.getInt(NewProxyResultSet.java:425) ~[c3p0-0.9.5.2.jar:0.9.5.2]
	at com.eddie.ecommerce.dao.impl.ItemBibliotecaDAOImpl.loadNext(ItemBibliotecaDAOImpl.java:502) ~[bin/:?]
	at com.eddie.ecommerce.dao.impl.ItemBibliotecaDAOImpl.findByJuegoPuntuacion(ItemBibliotecaDAOImpl.java:484) [bin/:?]
	at com.eddie.ecommerce.dao.ItemBibliotecaDAOTest.testmedia(ItemBibliotecaDAOTest.java:68) [bin/:?]
	at com.eddie.ecommerce.dao.ItemBibliotecaDAOTest.main(ItemBibliotecaDAOTest.java:82) [bin/:?]
2019-04-25 10:43:39.706 ERROR ItemBibliotecaDAOImpl.findByJuegoPuntuacion:488 - Column Index out of range, 3 > 2. 
java.sql.SQLException: Column Index out of range, 3 > 2. 
	at com.mysql.cj.jdbc.exceptions.SQLError.createSQLException(SQLError.java:129) ~[mysql-connector-java-8.0.13.jar:8.0.13]
	at com.mysql.cj.jdbc.exceptions.SQLError.createSQLException(SQLError.java:97) ~[mysql-connector-java-8.0.13.jar:8.0.13]
	at com.mysql.cj.jdbc.exceptions.SQLError.createSQLException(SQLError.java:89) ~[mysql-connector-java-8.0.13.jar:8.0.13]
	at com.mysql.cj.jdbc.exceptions.SQLError.createSQLException(SQLError.java:63) ~[mysql-connector-java-8.0.13.jar:8.0.13]
	at com.mysql.cj.jdbc.result.ResultSetImpl.checkColumnBounds(ResultSetImpl.java:494) ~[mysql-connector-java-8.0.13.jar:8.0.13]
	at com.mysql.cj.jdbc.result.ResultSetImpl.getInt(ResultSetImpl.java:895) ~[mysql-connector-java-8.0.13.jar:8.0.13]
	at com.mchange.v2.c3p0.impl.NewProxyResultSet.getInt(NewProxyResultSet.java:425) ~[c3p0-0.9.5.2.jar:0.9.5.2]
	at com.eddie.ecommerce.dao.impl.ItemBibliotecaDAOImpl.loadNext(ItemBibliotecaDAOImpl.java:502) ~[bin/:?]
	at com.eddie.ecommerce.dao.impl.ItemBibliotecaDAOImpl.findByJuegoPuntuacion(ItemBibliotecaDAOImpl.java:484) [bin/:?]
	at com.eddie.ecommerce.dao.ItemBibliotecaDAOTest.testmedia(ItemBibliotecaDAOTest.java:68) [bin/:?]
	at com.eddie.ecommerce.dao.ItemBibliotecaDAOTest.main(ItemBibliotecaDAOTest.java:82) [bin/:?]
2019-04-25 11:20:27.072 DEBUG JuegoDAOImpl.puntuacion:506 -  Idjuego = 1
2019-04-25 11:20:27.072 DEBUG JuegoDAOImpl.puntuacion:506 -  Idjuego = 1
2019-04-25 11:20:27.076 DEBUG JuegoDAOImpl.puntuacion:515 - select ROUND(AVG(puntuacion)) from usuarios_juego where id_juego=?
2019-04-25 11:20:27.076 DEBUG JuegoDAOImpl.puntuacion:515 - select ROUND(AVG(puntuacion)) from usuarios_juego where id_juego=?
2019-04-25 11:20:39.221 DEBUG JuegoDAOImpl.puntuacion:506 -  Idjuego = 2
2019-04-25 11:20:39.221 DEBUG JuegoDAOImpl.puntuacion:506 -  Idjuego = 2
2019-04-25 11:20:39.225 DEBUG JuegoDAOImpl.puntuacion:515 - select ROUND(AVG(puntuacion)) from usuarios_juego where id_juego=?
2019-04-25 11:20:39.225 DEBUG JuegoDAOImpl.puntuacion:515 - select ROUND(AVG(puntuacion)) from usuarios_juego where id_juego=?
2019-04-25 11:53:48.465 DEBUG JuegoDAOImpl.puntuacion:506 -  Idjuego = 2
2019-04-25 11:53:48.465 DEBUG JuegoDAOImpl.puntuacion:506 -  Idjuego = 2
2019-04-25 11:53:48.481 DEBUG JuegoDAOImpl.puntuacion:515 - select ROUND(AVG(puntuacion)) from usuarios_juego where id_juego=?
2019-04-25 11:53:48.481 DEBUG JuegoDAOImpl.puntuacion:515 - select ROUND(AVG(puntuacion)) from usuarios_juego where id_juego=?
2019-04-25 11:54:01.408 DEBUG JuegoDAOImpl.puntuacion:506 -  Idjuego = 10
2019-04-25 11:54:01.408 DEBUG JuegoDAOImpl.puntuacion:506 -  Idjuego = 10
2019-04-25 11:54:01.412 DEBUG JuegoDAOImpl.puntuacion:515 - select ROUND(AVG(puntuacion)) from usuarios_juego where id_juego=?
2019-04-25 11:54:01.412 DEBUG JuegoDAOImpl.puntuacion:515 - select ROUND(AVG(puntuacion)) from usuarios_juego where id_juego=?
2019-04-25 11:56:37.963 DEBUG JuegoServiceImpl.puntuacion:317 - IdJuego = 10
2019-04-25 11:56:37.963 DEBUG JuegoServiceImpl.puntuacion:317 - IdJuego = 10
2019-04-25 11:56:38.692 DEBUG JuegoDAOImpl.puntuacion:506 -  Idjuego = 10
2019-04-25 11:56:38.692 DEBUG JuegoDAOImpl.puntuacion:506 -  Idjuego = 10
2019-04-25 11:56:38.692 DEBUG JuegoDAOImpl.puntuacion:515 - select ROUND(AVG(puntuacion)) from usuarios_juego where id_juego=?
2019-04-25 11:56:38.692 DEBUG JuegoDAOImpl.puntuacion:515 - select ROUND(AVG(puntuacion)) from usuarios_juego where id_juego=?
2019-04-25 12:19:35.632 DEBUG UsuarioServiceImpl.findByIdEmail:468 - Email = eddie_garcia@gmail.com, idJuego 3
2019-04-25 12:19:35.632 DEBUG UsuarioServiceImpl.findByIdEmail:468 - Email = eddie_garcia@gmail.com, idJuego 3
2019-04-25 12:19:36.376 DEBUG ItemBibliotecaDAOImpl.fingByIdEmail:430 - Email = eddie_garcia@gmail.com Idjuego = {}
2019-04-25 12:19:36.376 DEBUG ItemBibliotecaDAOImpl.fingByIdEmail:430 - Email = eddie_garcia@gmail.com Idjuego = {}
2019-04-25 12:19:36.376 DEBUG ItemBibliotecaDAOImpl.fingByIdEmail:439 - SELECT email,id_juego FROM usuarios_juego WHERE UPPER(email) LIKE UPPER(?) AND id_juego= ?
2019-04-25 12:19:36.376 DEBUG ItemBibliotecaDAOImpl.fingByIdEmail:439 - SELECT email,id_juego FROM usuarios_juego WHERE UPPER(email) LIKE UPPER(?) AND id_juego= ?
2019-04-25 12:19:36.423 INFO  ItemBibliotecaDAOImpl.fingByIdEmail:453 - Column Index out of range, 3 > 2. 
java.sql.SQLException: Column Index out of range, 3 > 2. 
	at com.mysql.cj.jdbc.exceptions.SQLError.createSQLException(SQLError.java:129) ~[mysql-connector-java-8.0.13.jar:8.0.13]
	at com.mysql.cj.jdbc.exceptions.SQLError.createSQLException(SQLError.java:97) ~[mysql-connector-java-8.0.13.jar:8.0.13]
	at com.mysql.cj.jdbc.exceptions.SQLError.createSQLException(SQLError.java:89) ~[mysql-connector-java-8.0.13.jar:8.0.13]
	at com.mysql.cj.jdbc.exceptions.SQLError.createSQLException(SQLError.java:63) ~[mysql-connector-java-8.0.13.jar:8.0.13]
	at com.mysql.cj.jdbc.result.ResultSetImpl.checkColumnBounds(ResultSetImpl.java:494) ~[mysql-connector-java-8.0.13.jar:8.0.13]
	at com.mysql.cj.jdbc.result.ResultSetImpl.getInt(ResultSetImpl.java:895) ~[mysql-connector-java-8.0.13.jar:8.0.13]
	at com.mchange.v2.c3p0.impl.NewProxyResultSet.getInt(NewProxyResultSet.java:425) ~[c3p0-0.9.5.2.jar:0.9.5.2]
	at com.eddie.ecommerce.dao.impl.ItemBibliotecaDAOImpl.loadNext(ItemBibliotecaDAOImpl.java:470) ~[bin/:?]
	at com.eddie.ecommerce.dao.impl.ItemBibliotecaDAOImpl.fingByIdEmail(ItemBibliotecaDAOImpl.java:449) [bin/:?]
	at com.eddie.ecommerce.service.impl.UsuarioServiceImpl.findByIdEmail(UsuarioServiceImpl.java:477) [bin/:?]
	at com.eddie.ecommerce.service.UsuarioServiceImplTest.testeServiceBiblio(UsuarioServiceImplTest.java:38) [bin/:?]
	at com.eddie.ecommerce.service.UsuarioServiceImplTest.main(UsuarioServiceImplTest.java:149) [bin/:?]
2019-04-25 12:19:36.423 INFO  ItemBibliotecaDAOImpl.fingByIdEmail:453 - Column Index out of range, 3 > 2. 
java.sql.SQLException: Column Index out of range, 3 > 2. 
	at com.mysql.cj.jdbc.exceptions.SQLError.createSQLException(SQLError.java:129) ~[mysql-connector-java-8.0.13.jar:8.0.13]
	at com.mysql.cj.jdbc.exceptions.SQLError.createSQLException(SQLError.java:97) ~[mysql-connector-java-8.0.13.jar:8.0.13]
	at com.mysql.cj.jdbc.exceptions.SQLError.createSQLException(SQLError.java:89) ~[mysql-connector-java-8.0.13.jar:8.0.13]
	at com.mysql.cj.jdbc.exceptions.SQLError.createSQLException(SQLError.java:63) ~[mysql-connector-java-8.0.13.jar:8.0.13]
	at com.mysql.cj.jdbc.result.ResultSetImpl.checkColumnBounds(ResultSetImpl.java:494) ~[mysql-connector-java-8.0.13.jar:8.0.13]
	at com.mysql.cj.jdbc.result.ResultSetImpl.getInt(ResultSetImpl.java:895) ~[mysql-connector-java-8.0.13.jar:8.0.13]
	at com.mchange.v2.c3p0.impl.NewProxyResultSet.getInt(NewProxyResultSet.java:425) ~[c3p0-0.9.5.2.jar:0.9.5.2]
	at com.eddie.ecommerce.dao.impl.ItemBibliotecaDAOImpl.loadNext(ItemBibliotecaDAOImpl.java:470) ~[bin/:?]
	at com.eddie.ecommerce.dao.impl.ItemBibliotecaDAOImpl.fingByIdEmail(ItemBibliotecaDAOImpl.java:449) [bin/:?]
	at com.eddie.ecommerce.service.impl.UsuarioServiceImpl.findByIdEmail(UsuarioServiceImpl.java:477) [bin/:?]
	at com.eddie.ecommerce.service.UsuarioServiceImplTest.testeServiceBiblio(UsuarioServiceImplTest.java:38) [bin/:?]
	at com.eddie.ecommerce.service.UsuarioServiceImplTest.main(UsuarioServiceImplTest.java:149) [bin/:?]
